<?xml version="1.0" encoding="UTF-8"?>
<testsuite xmlns:xsi="http://www.w3.org/2001/XMLSchema-instance" xsi:noNamespaceSchemaLocation="https://maven.apache.org/surefire/maven-surefire-plugin/xsd/surefire-test-report-3.0.xsd" version="3.0" name="MainRunnerTest" time="0.82" tests="9" errors="0" skipped="0" failures="1">
  <properties>
[...]
</properties>
  <testcase name="testCalculateAverageAge" classname="MainRunnerTest" time="0.011">
    <system-out><![CDATA[16:11:22.673 [main] INFO  MainRunnerTest - Running testCalculateAverageAge...
16:11:22.676 [main] INFO  HW_13_Java_8_Separate_Methods.MainRunner - Average age: 37.5
16:11:22.676 [main] INFO  HW_13_Java_8_Separate_Methods.MainRunner - ++++++++++++++++++++++++++++++++++++++++++++++++++++++++++++++++++++++++++++++++++++++++
]]></system-out>
    <system-err><![CDATA[SLF4J: Failed to load class "org.slf4j.impl.StaticLoggerBinder".
SLF4J: Defaulting to no-operation (NOP) logger implementation
SLF4J: See http://www.slf4j.org/codes.html#StaticLoggerBinder for further details.
]]></system-err>
  </testcase>
  <testcase name="testCheckNotAllUsersOlderThan18" classname="MainRunnerTest" time="0.003">
    <system-out><![CDATA[16:11:22.681 [main] INFO  MainRunnerTest - Running testCheckNotAllUsersOlderThan18...
16:11:22.682 [main] INFO  HW_13_Java_8_Separate_Methods.MainRunner - All users older than 18: false
16:11:22.683 [main] INFO  MainRunnerTest - Younger than 18 user: Keanu Reeves, age: 15
]]></system-out>
  </testcase>
  <testcase name="testCheckUsersWithSorA[null](1)" classname="MainRunnerTest" time="0.005">
    <failure message="NullPointerException occurred: Cannot invoke &quot;java.util.List.stream()&quot; because &quot;users&quot; is null" type="java.lang.AssertionError"><![CDATA[java.lang.AssertionError: NullPointerException occurred: Cannot invoke "java.util.List.stream()" because "users" is null
	at org.testng.Assert.fail(Assert.java:111)
	at MainRunnerTest.testCheckUsersWithSorA(MainRunnerTest.java:143)
	at java.base/jdk.internal.reflect.DirectMethodHandleAccessor.invoke(DirectMethodHandleAccessor.java:103)
	at java.base/java.lang.reflect.Method.invoke(Method.java:580)
	at org.testng.internal.invokers.MethodInvocationHelper.invokeMethod(MethodInvocationHelper.java:139)
	at org.testng.internal.invokers.TestInvoker.invokeMethod(TestInvoker.java:664)
	at org.testng.internal.invokers.TestInvoker.invokeTestMethod(TestInvoker.java:228)
	at org.testng.internal.invokers.MethodRunner.runInSequence(MethodRunner.java:63)
	at org.testng.internal.invokers.TestInvoker$MethodInvocationAgent.invoke(TestInvoker.java:961)
	at org.testng.internal.invokers.TestInvoker.invokeTestMethods(TestInvoker.java:201)
	at org.testng.internal.invokers.TestMethodWorker.invokeTestMethods(TestMethodWorker.java:148)
	at org.testng.internal.invokers.TestMethodWorker.run(TestMethodWorker.java:128)
	at java.base/java.util.ArrayList.forEach(ArrayList.java:1596)
	at org.testng.TestRunner.privateRun(TestRunner.java:819)
	at org.testng.TestRunner.run(TestRunner.java:619)
	at org.testng.SuiteRunner.runTest(SuiteRunner.java:443)
	at org.testng.SuiteRunner.runSequentially(SuiteRunner.java:437)
	at org.testng.SuiteRunner.privateRun(SuiteRunner.java:397)
	at org.testng.SuiteRunner.run(SuiteRunner.java:336)
	at org.testng.SuiteRunnerWorker.runSuite(SuiteRunnerWorker.java:52)
	at org.testng.SuiteRunnerWorker.run(SuiteRunnerWorker.java:95)
	at org.testng.TestNG.runSuitesSequentially(TestNG.java:1301)
	at org.testng.TestNG.runSuitesLocally(TestNG.java:1228)
	at org.testng.TestNG.runSuites(TestNG.java:1134)
	at org.testng.TestNG.run(TestNG.java:1101)
	at org.apache.maven.surefire.testng.TestNGExecutor.run(TestNGExecutor.java:155)
	at org.apache.maven.surefire.testng.TestNGDirectoryTestSuite.executeSingleClass(TestNGDirectoryTestSuite.java:102)
	at org.apache.maven.surefire.testng.TestNGDirectoryTestSuite.execute(TestNGDirectoryTestSuite.java:91)
	at org.apache.maven.surefire.testng.TestNGProvider.invoke(TestNGProvider.java:137)
	at org.apache.maven.surefire.booter.ForkedBooter.runSuitesInProcess(ForkedBooter.java:385)
	at org.apache.maven.surefire.booter.ForkedBooter.execute(ForkedBooter.java:162)
	at org.apache.maven.surefire.booter.ForkedBooter.run(ForkedBooter.java:507)
	at org.apache.maven.surefire.booter.ForkedBooter.main(ForkedBooter.java:495)
]]></failure>
    <system-out><![CDATA[16:11:22.692 [main] INFO  MainRunnerTest - Running testCheckUsersWithSorA...
16:11:22.692 [main] ERROR MainRunnerTest - NullPointerException occurred: Cannot invoke "java.util.List.stream()" because "users" is null
]]></system-out>
  </testcase>
  <testcase name="testCheckUsersWithSorA[[]](2)" classname="MainRunnerTest" time="0.003">
    <system-out><![CDATA[16:11:22.697 [main] INFO  MainRunnerTest - Running testCheckUsersWithSorA...
16:11:22.698 [main] INFO  HW_13_Java_8_Separate_Methods.MainRunner - Users with S or A: false
16:11:22.698 [main] INFO  HW_13_Java_8_Separate_Methods.MainRunner - ++++++++++++++++++++++++++++++++++++++++++++++++++++++++++++++++++++++++++++++++++++++++
]]></system-out>
  </testcase>
  <testcase name="testSortUsersByAgeFirstCase" classname="MainRunnerTest" time="0.005">
    <system-out><![CDATA[16:11:22.701 [main] INFO  MainRunnerTest - Running testSortUsersByAge...
16:11:22.701 [main] INFO  HW_13_Java_8_Separate_Methods.MainRunner - Sorted by age:
16:11:22.701 [main] INFO  HW_13_Java_8_Separate_Methods.MainRunner - ++++++++++++++++++++++++++++++++++++++++++++++++++++++++++++++++++++++++++++++++++++++++
16:11:22.702 [main] INFO  HW_13_Java_8_Separate_Methods.MainRunner - Keanu Reeves, age: 15
16:11:22.702 [main] INFO  HW_13_Java_8_Separate_Methods.MainRunner - Laurence Fishburne, age: 20
16:11:22.702 [main] INFO  HW_13_Java_8_Separate_Methods.MainRunner - Carrie-Anne Moss, age: 25
16:11:22.702 [main] INFO  HW_13_Java_8_Separate_Methods.MainRunner - Hugo Weaving, age: 30
16:11:22.702 [main] INFO  HW_13_Java_8_Separate_Methods.MainRunner - Gloria Foster, age: 35
16:11:22.702 [main] INFO  HW_13_Java_8_Separate_Methods.MainRunner - Joe Pantoliano, age: 40
16:11:22.702 [main] INFO  HW_13_Java_8_Separate_Methods.MainRunner - Marcus Chong, age: 45
16:11:22.702 [main] INFO  HW_13_Java_8_Separate_Methods.MainRunner - Julian Arahanga, age: 50
16:11:22.702 [main] INFO  HW_13_Java_8_Separate_Methods.MainRunner - Matt Doran, age: 55
16:11:22.702 [main] INFO  HW_13_Java_8_Separate_Methods.MainRunner - Belinda McClory, age: 60
16:11:22.702 [main] INFO  HW_13_Java_8_Separate_Methods.MainRunner - ++++++++++++++++++++++++++++++++++++++++++++++++++++++++++++++++++++++++++++++++++++++++
16:11:22.703 [main] INFO  MainRunnerTest - The first user is the youngest
16:11:22.703 [main] INFO  MainRunnerTest - The last user is the oldest
]]></system-out>
  </testcase>
  <testcase name="testSortUsersByAgeSecondCase" classname="MainRunnerTest" time="0.003">
    <system-out><![CDATA[16:11:22.706 [main] INFO  MainRunnerTest - Running testSortUsersByAge...
16:11:22.707 [main] INFO  HW_13_Java_8_Separate_Methods.MainRunner - Sorted by age:
16:11:22.707 [main] INFO  HW_13_Java_8_Separate_Methods.MainRunner - ++++++++++++++++++++++++++++++++++++++++++++++++++++++++++++++++++++++++++++++++++++++++
16:11:22.707 [main] INFO  HW_13_Java_8_Separate_Methods.MainRunner - Keanu Reeves, age: 15
16:11:22.707 [main] INFO  HW_13_Java_8_Separate_Methods.MainRunner - Laurence Fishburne, age: 20
16:11:22.707 [main] INFO  HW_13_Java_8_Separate_Methods.MainRunner - Carrie-Anne Moss, age: 25
16:11:22.707 [main] INFO  HW_13_Java_8_Separate_Methods.MainRunner - Hugo Weaving, age: 30
16:11:22.707 [main] INFO  HW_13_Java_8_Separate_Methods.MainRunner - Gloria Foster, age: 35
16:11:22.707 [main] INFO  HW_13_Java_8_Separate_Methods.MainRunner - Joe Pantoliano, age: 40
16:11:22.707 [main] INFO  HW_13_Java_8_Separate_Methods.MainRunner - Marcus Chong, age: 45
16:11:22.707 [main] INFO  HW_13_Java_8_Separate_Methods.MainRunner - Julian Arahanga, age: 50
16:11:22.708 [main] INFO  HW_13_Java_8_Separate_Methods.MainRunner - Matt Doran, age: 55
16:11:22.708 [main] INFO  HW_13_Java_8_Separate_Methods.MainRunner - Belinda McClory, age: 60
16:11:22.708 [main] INFO  HW_13_Java_8_Separate_Methods.MainRunner - ++++++++++++++++++++++++++++++++++++++++++++++++++++++++++++++++++++++++++++++++++++++++
16:11:22.708 [main] INFO  MainRunnerTest - Each subsequent user is 5 years older than the previous one
]]></system-out>
  </testcase>
  <testcase name="testSortUsersByNameAndAge_FirstUser[Belinda, 60](1)" classname="MainRunnerTest" time="0.005">
    <system-out><![CDATA[16:11:22.712 [main] INFO  MainRunnerTest - Running testSortUsersByNameAndAge_FirstUser...
16:11:22.713 [main] INFO  HW_13_Java_8_Separate_Methods.MainRunner - Sorted by name and age:
16:11:22.713 [main] INFO  HW_13_Java_8_Separate_Methods.MainRunner - ++++++++++++++++++++++++++++++++++++++++++++++++++++++++++++++++++++++++++++++++++++++++
16:11:22.713 [main] INFO  HW_13_Java_8_Separate_Methods.MainRunner - Belinda McClory, age: 60
16:11:22.714 [main] INFO  HW_13_Java_8_Separate_Methods.MainRunner - Carrie-Anne Moss, age: 25
16:11:22.714 [main] INFO  HW_13_Java_8_Separate_Methods.MainRunner - Gloria Foster, age: 35
16:11:22.714 [main] INFO  HW_13_Java_8_Separate_Methods.MainRunner - Hugo Weaving, age: 30
16:11:22.714 [main] INFO  HW_13_Java_8_Separate_Methods.MainRunner - Joe Pantoliano, age: 40
16:11:22.714 [main] INFO  HW_13_Java_8_Separate_Methods.MainRunner - Julian Arahanga, age: 50
16:11:22.714 [main] INFO  HW_13_Java_8_Separate_Methods.MainRunner - Keanu Reeves, age: 15
16:11:22.714 [main] INFO  HW_13_Java_8_Separate_Methods.MainRunner - Laurence Fishburne, age: 20
16:11:22.714 [main] INFO  HW_13_Java_8_Separate_Methods.MainRunner - Marcus Chong, age: 45
16:11:22.714 [main] INFO  HW_13_Java_8_Separate_Methods.MainRunner - Matt Doran, age: 55
16:11:22.714 [main] INFO  HW_13_Java_8_Separate_Methods.MainRunner - ++++++++++++++++++++++++++++++++++++++++++++++++++++++++++++++++++++++++++++++++++++++++
]]></system-out>
  </testcase>
  <testcase name="testSortUsersByNameAndAge_SeventhUser[Keanu, 15](1)" classname="MainRunnerTest" time="0.006">
    <system-out><![CDATA[16:11:22.719 [main] INFO  MainRunnerTest - Running testSortUsersByNameAndAge_SeventhUser...
16:11:22.719 [main] INFO  HW_13_Java_8_Separate_Methods.MainRunner - Sorted by name and age:
16:11:22.719 [main] INFO  HW_13_Java_8_Separate_Methods.MainRunner - ++++++++++++++++++++++++++++++++++++++++++++++++++++++++++++++++++++++++++++++++++++++++
16:11:22.719 [main] INFO  HW_13_Java_8_Separate_Methods.MainRunner - Belinda McClory, age: 60
16:11:22.719 [main] INFO  HW_13_Java_8_Separate_Methods.MainRunner - Carrie-Anne Moss, age: 25
16:11:22.720 [main] INFO  HW_13_Java_8_Separate_Methods.MainRunner - Gloria Foster, age: 35
16:11:22.720 [main] INFO  HW_13_Java_8_Separate_Methods.MainRunner - Hugo Weaving, age: 30
16:11:22.720 [main] INFO  HW_13_Java_8_Separate_Methods.MainRunner - Joe Pantoliano, age: 40
16:11:22.720 [main] INFO  HW_13_Java_8_Separate_Methods.MainRunner - Julian Arahanga, age: 50
16:11:22.720 [main] INFO  HW_13_Java_8_Separate_Methods.MainRunner - Keanu Reeves, age: 15
16:11:22.720 [main] INFO  HW_13_Java_8_Separate_Methods.MainRunner - Laurence Fishburne, age: 20
16:11:22.720 [main] INFO  HW_13_Java_8_Separate_Methods.MainRunner - Marcus Chong, age: 45
16:11:22.720 [main] INFO  HW_13_Java_8_Separate_Methods.MainRunner - Matt Doran, age: 55
16:11:22.720 [main] INFO  HW_13_Java_8_Separate_Methods.MainRunner - ++++++++++++++++++++++++++++++++++++++++++++++++++++++++++++++++++++++++++++++++++++++++
16:11:22.720 [main] INFO  MainRunnerTest - The 7th user from the sorted list is: Keanu Reeves, age: 15
]]></system-out>
  </testcase>
  <testcase name="testTotalAgeLessThan400" classname="MainRunnerTest" time="0.006">
    <system-out><![CDATA[16:11:22.728 [main] INFO  MainRunnerTest - Running testTotalAgeLessThan400...
16:11:22.729 [main] INFO  MainRunnerTest - The total age of all users is less than 400 years
]]></system-out>
  </testcase>
</testsuite>