<?xml version="1.0" encoding="UTF-8"?>
<!-- Generated by org.testng.reporters.JUnitXMLReporter -->
<testsuite ignored="0" hostname="UKRSTASK-LT199" failures="1" tests="9" name="Surefire test" time="0.096" errors="0" timestamp="2024-03-18T16:11:22 EET">
  <testcase classname="MainRunnerTest" name="testCalculateAverageAge" time="0.009"/>
  <testcase classname="MainRunnerTest" name="testCheckNotAllUsersOlderThan18" time="0.002"/>
  <testcase classname="MainRunnerTest" name="testCheckUsersWithSorA" time="0.002">
    <failure type="java.lang.AssertionError" message="NullPointerException occurred: Cannot invoke &amp;quot;java.util.List.stream()&amp;quot; because &amp;quot;users&amp;quot; is null">
      <![CDATA[java.lang.AssertionError: NullPointerException occurred: Cannot invoke "java.util.List.stream()" because "users" is null
at MainRunnerTest.testCheckUsersWithSorA(MainRunnerTest.java:143)
at java.base/java.util.ArrayList.forEach(ArrayList.java:1596)
... Removed 31 stack frames]]>
    </failure>
  </testcase> <!-- testCheckUsersWithSorA -->
  <testcase classname="MainRunnerTest" name="testCheckUsersWithSorA" time="0.001"/>
  <testcase classname="MainRunnerTest" name="testSortUsersByAgeFirstCase" time="0.003"/>
  <testcase classname="MainRunnerTest" name="testSortUsersByAgeSecondCase" time="0.002"/>
  <testcase classname="MainRunnerTest" name="testSortUsersByNameAndAge_FirstUser" time="0.004"/>
  <testcase classname="MainRunnerTest" name="testSortUsersByNameAndAge_SeventhUser" time="0.003"/>
  <testcase classname="MainRunnerTest" name="testTotalAgeLessThan400" time="0.005"/>
</testsuite> <!-- Surefire test -->
